2020-04-21 06:46:29,076 INFO 5804 [Timer] D:\Codes\DIYShop-BackEnd\node_modules\_egg-multipart@2.10.2@egg-multipart\app\schedule\clean_tmpdir.js next time will execute after 78210926ms at 2020-04-22 04:30:00.002
2020-04-21 06:46:29,077 INFO 5804 [Timer] D:\Codes\DIYShop-BackEnd\node_modules\_egg-logrotator@3.1.0@egg-logrotator\app\schedule\clean_log.js next time will execute after 62010924ms at 2020-04-22 00:00:00.001
2020-04-21 06:46:29,077 INFO 5804 [Timer] D:\Codes\DIYShop-BackEnd\node_modules\_egg-logrotator@3.1.0@egg-logrotator\app\schedule\rotate_by_file.js next time will execute after 62011923ms at 2020-04-22 00:00:01.000
2020-04-21 06:46:28,847 INFO 2768 [egg-schedule]: register schedule D:\Codes\DIYShop-BackEnd\node_modules\_egg-multipart@2.10.2@egg-multipart\app\schedule\clean_tmpdir.js
2020-04-21 06:46:28,847 INFO 2768 [egg-schedule]: register schedule D:\Codes\DIYShop-BackEnd\node_modules\_egg-logrotator@3.1.0@egg-logrotator\app\schedule\clean_log.js
2020-04-21 06:46:28,847 INFO 2768 [egg-schedule]: register schedule D:\Codes\DIYShop-BackEnd\node_modules\_egg-logrotator@3.1.0@egg-logrotator\app\schedule\rotate_by_file.js
2020-04-21 15:03:03,884 INFO 7392 [egg-schedule]: register schedule D:\Codes\DIYShop-BackEnd\node_modules\_egg-multipart@2.10.2@egg-multipart\app\schedule\clean_tmpdir.js
2020-04-21 15:03:03,884 INFO 7392 [egg-schedule]: register schedule D:\Codes\DIYShop-BackEnd\node_modules\_egg-logrotator@3.1.0@egg-logrotator\app\schedule\clean_log.js
2020-04-21 15:03:03,884 INFO 7392 [egg-schedule]: register schedule D:\Codes\DIYShop-BackEnd\node_modules\_egg-logrotator@3.1.0@egg-logrotator\app\schedule\rotate_by_file.js
2020-04-21 15:03:04,362 INFO 1452 [Timer] D:\Codes\DIYShop-BackEnd\node_modules\_egg-multipart@2.10.2@egg-multipart\app\schedule\clean_tmpdir.js next time will execute after 48415641ms at 2020-04-22 04:30:00.003
2020-04-21 15:03:04,362 INFO 1452 [Timer] D:\Codes\DIYShop-BackEnd\node_modules\_egg-logrotator@3.1.0@egg-logrotator\app\schedule\clean_log.js next time will execute after 32215638ms at 2020-04-22 00:00:00.000
2020-04-21 15:03:04,362 INFO 1452 [Timer] D:\Codes\DIYShop-BackEnd\node_modules\_egg-logrotator@3.1.0@egg-logrotator\app\schedule\rotate_by_file.js next time will execute after 32216638ms at 2020-04-22 00:00:01.000
2020-04-21 15:18:30,888 INFO 13172 [egg-schedule]: register schedule D:\Codes\DIYShop-BackEnd\node_modules\_egg-multipart@2.10.2@egg-multipart\app\schedule\clean_tmpdir.js
2020-04-21 15:18:30,888 INFO 13172 [egg-schedule]: register schedule D:\Codes\DIYShop-BackEnd\node_modules\_egg-logrotator@3.1.0@egg-logrotator\app\schedule\clean_log.js
2020-04-21 15:18:30,888 INFO 13172 [egg-schedule]: register schedule D:\Codes\DIYShop-BackEnd\node_modules\_egg-logrotator@3.1.0@egg-logrotator\app\schedule\rotate_by_file.js
2020-04-21 15:18:31,342 INFO 9944 [Timer] D:\Codes\DIYShop-BackEnd\node_modules\_egg-multipart@2.10.2@egg-multipart\app\schedule\clean_tmpdir.js next time will execute after 47488660ms at 2020-04-22 04:30:00.002
2020-04-21 15:18:31,343 INFO 9944 [Timer] D:\Codes\DIYShop-BackEnd\node_modules\_egg-logrotator@3.1.0@egg-logrotator\app\schedule\clean_log.js next time will execute after 31288658ms at 2020-04-22 00:00:00.001
2020-04-21 15:18:31,343 INFO 9944 [Timer] D:\Codes\DIYShop-BackEnd\node_modules\_egg-logrotator@3.1.0@egg-logrotator\app\schedule\rotate_by_file.js next time will execute after 31289657ms at 2020-04-22 00:00:01.000
2020-04-21 15:19:41,415 INFO 9700 [egg-schedule]: register schedule D:\Codes\DIYShop-BackEnd\node_modules\_egg-multipart@2.10.2@egg-multipart\app\schedule\clean_tmpdir.js
2020-04-21 15:19:41,415 INFO 9700 [egg-schedule]: register schedule D:\Codes\DIYShop-BackEnd\node_modules\_egg-logrotator@3.1.0@egg-logrotator\app\schedule\clean_log.js
2020-04-21 15:19:41,415 INFO 9700 [egg-schedule]: register schedule D:\Codes\DIYShop-BackEnd\node_modules\_egg-logrotator@3.1.0@egg-logrotator\app\schedule\rotate_by_file.js
2020-04-21 15:20:52,544 INFO 2844 [egg-schedule]: register schedule D:\Codes\DIYShop-BackEnd\node_modules\_egg-multipart@2.10.2@egg-multipart\app\schedule\clean_tmpdir.js
2020-04-21 15:20:52,544 INFO 2844 [egg-schedule]: register schedule D:\Codes\DIYShop-BackEnd\node_modules\_egg-logrotator@3.1.0@egg-logrotator\app\schedule\clean_log.js
2020-04-21 15:20:52,544 INFO 2844 [egg-schedule]: register schedule D:\Codes\DIYShop-BackEnd\node_modules\_egg-logrotator@3.1.0@egg-logrotator\app\schedule\rotate_by_file.js
2020-04-21 15:23:57,420 INFO 4964 [egg-schedule]: register schedule D:\Codes\DIYShop-BackEnd\node_modules\_egg-multipart@2.10.2@egg-multipart\app\schedule\clean_tmpdir.js
2020-04-21 15:23:57,420 INFO 4964 [egg-schedule]: register schedule D:\Codes\DIYShop-BackEnd\node_modules\_egg-logrotator@3.1.0@egg-logrotator\app\schedule\clean_log.js
2020-04-21 15:23:57,420 INFO 4964 [egg-schedule]: register schedule D:\Codes\DIYShop-BackEnd\node_modules\_egg-logrotator@3.1.0@egg-logrotator\app\schedule\rotate_by_file.js
2020-04-21 15:24:49,069 INFO 11176 [egg-schedule]: register schedule D:\Codes\DIYShop-BackEnd\node_modules\_egg-multipart@2.10.2@egg-multipart\app\schedule\clean_tmpdir.js
2020-04-21 15:24:49,069 INFO 11176 [egg-schedule]: register schedule D:\Codes\DIYShop-BackEnd\node_modules\_egg-logrotator@3.1.0@egg-logrotator\app\schedule\clean_log.js
2020-04-21 15:24:49,069 INFO 11176 [egg-schedule]: register schedule D:\Codes\DIYShop-BackEnd\node_modules\_egg-logrotator@3.1.0@egg-logrotator\app\schedule\rotate_by_file.js
2020-04-21 15:25:29,876 INFO 4052 [egg-schedule]: register schedule D:\Codes\DIYShop-BackEnd\node_modules\_egg-multipart@2.10.2@egg-multipart\app\schedule\clean_tmpdir.js
2020-04-21 15:25:29,876 INFO 4052 [egg-schedule]: register schedule D:\Codes\DIYShop-BackEnd\node_modules\_egg-logrotator@3.1.0@egg-logrotator\app\schedule\clean_log.js
2020-04-21 15:25:29,876 INFO 4052 [egg-schedule]: register schedule D:\Codes\DIYShop-BackEnd\node_modules\_egg-logrotator@3.1.0@egg-logrotator\app\schedule\rotate_by_file.js
2020-04-21 15:26:41,442 INFO 10728 [egg-schedule]: register schedule D:\Codes\DIYShop-BackEnd\node_modules\_egg-multipart@2.10.2@egg-multipart\app\schedule\clean_tmpdir.js
2020-04-21 15:26:41,442 INFO 10728 [egg-schedule]: register schedule D:\Codes\DIYShop-BackEnd\node_modules\_egg-logrotator@3.1.0@egg-logrotator\app\schedule\clean_log.js
2020-04-21 15:26:41,443 INFO 10728 [egg-schedule]: register schedule D:\Codes\DIYShop-BackEnd\node_modules\_egg-logrotator@3.1.0@egg-logrotator\app\schedule\rotate_by_file.js
2020-04-21 15:27:05,277 INFO 2612 [egg-schedule]: register schedule D:\Codes\DIYShop-BackEnd\node_modules\_egg-multipart@2.10.2@egg-multipart\app\schedule\clean_tmpdir.js
2020-04-21 15:27:05,277 INFO 2612 [egg-schedule]: register schedule D:\Codes\DIYShop-BackEnd\node_modules\_egg-logrotator@3.1.0@egg-logrotator\app\schedule\clean_log.js
2020-04-21 15:27:05,277 INFO 2612 [egg-schedule]: register schedule D:\Codes\DIYShop-BackEnd\node_modules\_egg-logrotator@3.1.0@egg-logrotator\app\schedule\rotate_by_file.js
2020-04-21 15:28:20,383 INFO 2712 [egg-schedule]: register schedule D:\Codes\DIYShop-BackEnd\node_modules\_egg-multipart@2.10.2@egg-multipart\app\schedule\clean_tmpdir.js
2020-04-21 15:28:20,384 INFO 2712 [egg-schedule]: register schedule D:\Codes\DIYShop-BackEnd\node_modules\_egg-logrotator@3.1.0@egg-logrotator\app\schedule\clean_log.js
2020-04-21 15:28:20,384 INFO 2712 [egg-schedule]: register schedule D:\Codes\DIYShop-BackEnd\node_modules\_egg-logrotator@3.1.0@egg-logrotator\app\schedule\rotate_by_file.js
2020-04-21 15:28:21,946 INFO 11424 [egg-schedule]: register schedule D:\Codes\DIYShop-BackEnd\node_modules\_egg-multipart@2.10.2@egg-multipart\app\schedule\clean_tmpdir.js
2020-04-21 15:28:21,946 INFO 11424 [egg-schedule]: register schedule D:\Codes\DIYShop-BackEnd\node_modules\_egg-logrotator@3.1.0@egg-logrotator\app\schedule\clean_log.js
2020-04-21 15:28:21,946 INFO 11424 [egg-schedule]: register schedule D:\Codes\DIYShop-BackEnd\node_modules\_egg-logrotator@3.1.0@egg-logrotator\app\schedule\rotate_by_file.js
2020-04-21 15:29:08,199 INFO 2976 [egg-schedule]: register schedule D:\Codes\DIYShop-BackEnd\node_modules\_egg-multipart@2.10.2@egg-multipart\app\schedule\clean_tmpdir.js
2020-04-21 15:29:08,199 INFO 2976 [egg-schedule]: register schedule D:\Codes\DIYShop-BackEnd\node_modules\_egg-logrotator@3.1.0@egg-logrotator\app\schedule\clean_log.js
2020-04-21 15:29:08,199 INFO 2976 [egg-schedule]: register schedule D:\Codes\DIYShop-BackEnd\node_modules\_egg-logrotator@3.1.0@egg-logrotator\app\schedule\rotate_by_file.js
2020-04-21 15:31:28,377 INFO 13068 [egg-schedule]: register schedule D:\Codes\DIYShop-BackEnd\node_modules\_egg-multipart@2.10.2@egg-multipart\app\schedule\clean_tmpdir.js
2020-04-21 15:31:28,377 INFO 13068 [egg-schedule]: register schedule D:\Codes\DIYShop-BackEnd\node_modules\_egg-logrotator@3.1.0@egg-logrotator\app\schedule\clean_log.js
2020-04-21 15:31:28,377 INFO 13068 [egg-schedule]: register schedule D:\Codes\DIYShop-BackEnd\node_modules\_egg-logrotator@3.1.0@egg-logrotator\app\schedule\rotate_by_file.js
2020-04-21 15:32:32,609 INFO 7724 [egg-schedule]: register schedule D:\Codes\DIYShop-BackEnd\node_modules\_egg-multipart@2.10.2@egg-multipart\app\schedule\clean_tmpdir.js
2020-04-21 15:32:32,609 INFO 7724 [egg-schedule]: register schedule D:\Codes\DIYShop-BackEnd\node_modules\_egg-logrotator@3.1.0@egg-logrotator\app\schedule\clean_log.js
2020-04-21 15:32:32,609 INFO 7724 [egg-schedule]: register schedule D:\Codes\DIYShop-BackEnd\node_modules\_egg-logrotator@3.1.0@egg-logrotator\app\schedule\rotate_by_file.js
2020-04-21 15:32:34,171 INFO 3316 [egg-schedule]: register schedule D:\Codes\DIYShop-BackEnd\node_modules\_egg-multipart@2.10.2@egg-multipart\app\schedule\clean_tmpdir.js
2020-04-21 15:32:34,171 INFO 3316 [egg-schedule]: register schedule D:\Codes\DIYShop-BackEnd\node_modules\_egg-logrotator@3.1.0@egg-logrotator\app\schedule\clean_log.js
2020-04-21 15:32:34,171 INFO 3316 [egg-schedule]: register schedule D:\Codes\DIYShop-BackEnd\node_modules\_egg-logrotator@3.1.0@egg-logrotator\app\schedule\rotate_by_file.js
2020-04-21 15:38:09,030 INFO 7952 [egg-schedule]: register schedule D:\Codes\DIYShop-BackEnd\node_modules\_egg-multipart@2.10.2@egg-multipart\app\schedule\clean_tmpdir.js
2020-04-21 15:38:09,030 INFO 7952 [egg-schedule]: register schedule D:\Codes\DIYShop-BackEnd\node_modules\_egg-logrotator@3.1.0@egg-logrotator\app\schedule\clean_log.js
2020-04-21 15:38:09,030 INFO 7952 [egg-schedule]: register schedule D:\Codes\DIYShop-BackEnd\node_modules\_egg-logrotator@3.1.0@egg-logrotator\app\schedule\rotate_by_file.js
2020-04-21 15:38:09,510 INFO 10164 [Timer] D:\Codes\DIYShop-BackEnd\node_modules\_egg-multipart@2.10.2@egg-multipart\app\schedule\clean_tmpdir.js next time will execute after 46310493ms at 2020-04-22 04:30:00.003
2020-04-21 15:38:09,511 INFO 10164 [Timer] D:\Codes\DIYShop-BackEnd\node_modules\_egg-logrotator@3.1.0@egg-logrotator\app\schedule\clean_log.js next time will execute after 30110490ms at 2020-04-22 00:00:00.001
2020-04-21 15:38:09,511 INFO 10164 [Timer] D:\Codes\DIYShop-BackEnd\node_modules\_egg-logrotator@3.1.0@egg-logrotator\app\schedule\rotate_by_file.js next time will execute after 30111489ms at 2020-04-22 00:00:01.000
2020-04-21 20:14:37,327 INFO 7812 [egg-schedule]: register schedule D:\Codes\DIYShop-BackEnd\node_modules\_egg-multipart@2.10.2@egg-multipart\app\schedule\clean_tmpdir.js
2020-04-21 20:14:37,327 INFO 7812 [egg-schedule]: register schedule D:\Codes\DIYShop-BackEnd\node_modules\_egg-logrotator@3.1.0@egg-logrotator\app\schedule\clean_log.js
2020-04-21 20:14:37,327 INFO 7812 [egg-schedule]: register schedule D:\Codes\DIYShop-BackEnd\node_modules\_egg-logrotator@3.1.0@egg-logrotator\app\schedule\rotate_by_file.js
2020-04-21 20:14:41,109 INFO 12876 [Timer] D:\Codes\DIYShop-BackEnd\node_modules\_egg-multipart@2.10.2@egg-multipart\app\schedule\clean_tmpdir.js next time will execute after 29718894ms at 2020-04-22 04:30:00.003
2020-04-21 20:14:41,109 INFO 12876 [Timer] D:\Codes\DIYShop-BackEnd\node_modules\_egg-logrotator@3.1.0@egg-logrotator\app\schedule\clean_log.js next time will execute after 13518891ms at 2020-04-22 00:00:00.000
2020-04-21 20:14:41,109 INFO 12876 [Timer] D:\Codes\DIYShop-BackEnd\node_modules\_egg-logrotator@3.1.0@egg-logrotator\app\schedule\rotate_by_file.js next time will execute after 13519891ms at 2020-04-22 00:00:01.000
2020-04-21 20:14:42,168 INFO 11220 [egg-schedule]: register schedule D:\Codes\DIYShop-BackEnd\node_modules\_egg-multipart@2.10.2@egg-multipart\app\schedule\clean_tmpdir.js
2020-04-21 20:14:42,168 INFO 11220 [egg-schedule]: register schedule D:\Codes\DIYShop-BackEnd\node_modules\_egg-logrotator@3.1.0@egg-logrotator\app\schedule\clean_log.js
2020-04-21 20:14:42,168 INFO 11220 [egg-schedule]: register schedule D:\Codes\DIYShop-BackEnd\node_modules\_egg-logrotator@3.1.0@egg-logrotator\app\schedule\rotate_by_file.js
2020-04-21 20:17:40,413 INFO 1076 [egg-schedule]: register schedule D:\Codes\DIYShop-BackEnd\node_modules\_egg-multipart@2.10.2@egg-multipart\app\schedule\clean_tmpdir.js
2020-04-21 20:17:40,413 INFO 1076 [egg-schedule]: register schedule D:\Codes\DIYShop-BackEnd\node_modules\_egg-logrotator@3.1.0@egg-logrotator\app\schedule\clean_log.js
2020-04-21 20:17:40,414 INFO 1076 [egg-schedule]: register schedule D:\Codes\DIYShop-BackEnd\node_modules\_egg-logrotator@3.1.0@egg-logrotator\app\schedule\rotate_by_file.js
2020-04-21 20:17:46,988 INFO 7288 [egg-schedule]: register schedule D:\Codes\DIYShop-BackEnd\node_modules\_egg-multipart@2.10.2@egg-multipart\app\schedule\clean_tmpdir.js
2020-04-21 20:17:46,988 INFO 7288 [egg-schedule]: register schedule D:\Codes\DIYShop-BackEnd\node_modules\_egg-logrotator@3.1.0@egg-logrotator\app\schedule\clean_log.js
2020-04-21 20:17:46,988 INFO 7288 [egg-schedule]: register schedule D:\Codes\DIYShop-BackEnd\node_modules\_egg-logrotator@3.1.0@egg-logrotator\app\schedule\rotate_by_file.js
2020-04-21 20:17:48,593 INFO 11984 [egg-schedule]: register schedule D:\Codes\DIYShop-BackEnd\node_modules\_egg-multipart@2.10.2@egg-multipart\app\schedule\clean_tmpdir.js
2020-04-21 20:17:48,593 INFO 11984 [egg-schedule]: register schedule D:\Codes\DIYShop-BackEnd\node_modules\_egg-logrotator@3.1.0@egg-logrotator\app\schedule\clean_log.js
2020-04-21 20:17:48,593 INFO 11984 [egg-schedule]: register schedule D:\Codes\DIYShop-BackEnd\node_modules\_egg-logrotator@3.1.0@egg-logrotator\app\schedule\rotate_by_file.js
2020-04-21 20:18:28,889 INFO 13248 [egg-schedule]: register schedule D:\Codes\DIYShop-BackEnd\node_modules\_egg-multipart@2.10.2@egg-multipart\app\schedule\clean_tmpdir.js
2020-04-21 20:18:28,889 INFO 13248 [egg-schedule]: register schedule D:\Codes\DIYShop-BackEnd\node_modules\_egg-logrotator@3.1.0@egg-logrotator\app\schedule\clean_log.js
2020-04-21 20:18:28,889 INFO 13248 [egg-schedule]: register schedule D:\Codes\DIYShop-BackEnd\node_modules\_egg-logrotator@3.1.0@egg-logrotator\app\schedule\rotate_by_file.js
2020-04-21 20:18:46,527 INFO 12396 [egg-schedule]: register schedule D:\Codes\DIYShop-BackEnd\node_modules\_egg-multipart@2.10.2@egg-multipart\app\schedule\clean_tmpdir.js
2020-04-21 20:18:46,527 INFO 12396 [egg-schedule]: register schedule D:\Codes\DIYShop-BackEnd\node_modules\_egg-logrotator@3.1.0@egg-logrotator\app\schedule\clean_log.js
2020-04-21 20:18:46,527 INFO 12396 [egg-schedule]: register schedule D:\Codes\DIYShop-BackEnd\node_modules\_egg-logrotator@3.1.0@egg-logrotator\app\schedule\rotate_by_file.js
2020-04-21 20:20:46,137 INFO 11924 [egg-schedule]: register schedule D:\Codes\DIYShop-BackEnd\node_modules\_egg-multipart@2.10.2@egg-multipart\app\schedule\clean_tmpdir.js
2020-04-21 20:20:46,137 INFO 11924 [egg-schedule]: register schedule D:\Codes\DIYShop-BackEnd\node_modules\_egg-logrotator@3.1.0@egg-logrotator\app\schedule\clean_log.js
2020-04-21 20:20:46,137 INFO 11924 [egg-schedule]: register schedule D:\Codes\DIYShop-BackEnd\node_modules\_egg-logrotator@3.1.0@egg-logrotator\app\schedule\rotate_by_file.js
2020-04-21 20:21:21,868 INFO 12460 [egg-schedule]: register schedule D:\Codes\DIYShop-BackEnd\node_modules\_egg-multipart@2.10.2@egg-multipart\app\schedule\clean_tmpdir.js
2020-04-21 20:21:21,868 INFO 12460 [egg-schedule]: register schedule D:\Codes\DIYShop-BackEnd\node_modules\_egg-logrotator@3.1.0@egg-logrotator\app\schedule\clean_log.js
2020-04-21 20:21:21,868 INFO 12460 [egg-schedule]: register schedule D:\Codes\DIYShop-BackEnd\node_modules\_egg-logrotator@3.1.0@egg-logrotator\app\schedule\rotate_by_file.js
2020-04-21 20:21:23,278 INFO 4236 [egg-schedule]: register schedule D:\Codes\DIYShop-BackEnd\node_modules\_egg-multipart@2.10.2@egg-multipart\app\schedule\clean_tmpdir.js
2020-04-21 20:21:23,278 INFO 4236 [egg-schedule]: register schedule D:\Codes\DIYShop-BackEnd\node_modules\_egg-logrotator@3.1.0@egg-logrotator\app\schedule\clean_log.js
2020-04-21 20:21:23,278 INFO 4236 [egg-schedule]: register schedule D:\Codes\DIYShop-BackEnd\node_modules\_egg-logrotator@3.1.0@egg-logrotator\app\schedule\rotate_by_file.js
2020-04-21 20:22:11,912 INFO 7016 [egg-schedule]: register schedule D:\Codes\DIYShop-BackEnd\node_modules\_egg-multipart@2.10.2@egg-multipart\app\schedule\clean_tmpdir.js
2020-04-21 20:22:11,912 INFO 7016 [egg-schedule]: register schedule D:\Codes\DIYShop-BackEnd\node_modules\_egg-logrotator@3.1.0@egg-logrotator\app\schedule\clean_log.js
2020-04-21 20:22:11,912 INFO 7016 [egg-schedule]: register schedule D:\Codes\DIYShop-BackEnd\node_modules\_egg-logrotator@3.1.0@egg-logrotator\app\schedule\rotate_by_file.js
2020-04-21 20:22:28,059 INFO 5292 [egg-schedule]: register schedule D:\Codes\DIYShop-BackEnd\node_modules\_egg-multipart@2.10.2@egg-multipart\app\schedule\clean_tmpdir.js
2020-04-21 20:22:28,059 INFO 5292 [egg-schedule]: register schedule D:\Codes\DIYShop-BackEnd\node_modules\_egg-logrotator@3.1.0@egg-logrotator\app\schedule\clean_log.js
2020-04-21 20:22:28,059 INFO 5292 [egg-schedule]: register schedule D:\Codes\DIYShop-BackEnd\node_modules\_egg-logrotator@3.1.0@egg-logrotator\app\schedule\rotate_by_file.js
2020-04-21 20:22:29,288 INFO 5772 [egg-schedule]: register schedule D:\Codes\DIYShop-BackEnd\node_modules\_egg-multipart@2.10.2@egg-multipart\app\schedule\clean_tmpdir.js
2020-04-21 20:22:29,288 INFO 5772 [egg-schedule]: register schedule D:\Codes\DIYShop-BackEnd\node_modules\_egg-logrotator@3.1.0@egg-logrotator\app\schedule\clean_log.js
2020-04-21 20:22:29,288 INFO 5772 [egg-schedule]: register schedule D:\Codes\DIYShop-BackEnd\node_modules\_egg-logrotator@3.1.0@egg-logrotator\app\schedule\rotate_by_file.js
2020-04-21 20:22:30,712 INFO 10908 [egg-schedule]: register schedule D:\Codes\DIYShop-BackEnd\node_modules\_egg-multipart@2.10.2@egg-multipart\app\schedule\clean_tmpdir.js
2020-04-21 20:22:30,712 INFO 10908 [egg-schedule]: register schedule D:\Codes\DIYShop-BackEnd\node_modules\_egg-logrotator@3.1.0@egg-logrotator\app\schedule\clean_log.js
2020-04-21 20:22:30,712 INFO 10908 [egg-schedule]: register schedule D:\Codes\DIYShop-BackEnd\node_modules\_egg-logrotator@3.1.0@egg-logrotator\app\schedule\rotate_by_file.js
2020-04-21 20:24:53,454 INFO 11556 [egg-schedule]: register schedule D:\Codes\DIYShop-BackEnd\node_modules\_egg-multipart@2.10.2@egg-multipart\app\schedule\clean_tmpdir.js
2020-04-21 20:24:53,454 INFO 11556 [egg-schedule]: register schedule D:\Codes\DIYShop-BackEnd\node_modules\_egg-logrotator@3.1.0@egg-logrotator\app\schedule\clean_log.js
2020-04-21 20:24:53,454 INFO 11556 [egg-schedule]: register schedule D:\Codes\DIYShop-BackEnd\node_modules\_egg-logrotator@3.1.0@egg-logrotator\app\schedule\rotate_by_file.js
2020-04-21 20:24:54,940 INFO 2756 [egg-schedule]: register schedule D:\Codes\DIYShop-BackEnd\node_modules\_egg-multipart@2.10.2@egg-multipart\app\schedule\clean_tmpdir.js
2020-04-21 20:24:54,940 INFO 2756 [egg-schedule]: register schedule D:\Codes\DIYShop-BackEnd\node_modules\_egg-logrotator@3.1.0@egg-logrotator\app\schedule\clean_log.js
2020-04-21 20:24:54,940 INFO 2756 [egg-schedule]: register schedule D:\Codes\DIYShop-BackEnd\node_modules\_egg-logrotator@3.1.0@egg-logrotator\app\schedule\rotate_by_file.js
2020-04-21 20:25:50,078 INFO 11632 [egg-schedule]: register schedule D:\Codes\DIYShop-BackEnd\node_modules\_egg-multipart@2.10.2@egg-multipart\app\schedule\clean_tmpdir.js
2020-04-21 20:25:50,078 INFO 11632 [egg-schedule]: register schedule D:\Codes\DIYShop-BackEnd\node_modules\_egg-logrotator@3.1.0@egg-logrotator\app\schedule\clean_log.js
2020-04-21 20:25:50,078 INFO 11632 [egg-schedule]: register schedule D:\Codes\DIYShop-BackEnd\node_modules\_egg-logrotator@3.1.0@egg-logrotator\app\schedule\rotate_by_file.js
2020-04-21 20:26:41,010 INFO 8092 [egg-schedule]: register schedule D:\Codes\DIYShop-BackEnd\node_modules\_egg-multipart@2.10.2@egg-multipart\app\schedule\clean_tmpdir.js
2020-04-21 20:26:41,010 INFO 8092 [egg-schedule]: register schedule D:\Codes\DIYShop-BackEnd\node_modules\_egg-logrotator@3.1.0@egg-logrotator\app\schedule\clean_log.js
2020-04-21 20:26:41,010 INFO 8092 [egg-schedule]: register schedule D:\Codes\DIYShop-BackEnd\node_modules\_egg-logrotator@3.1.0@egg-logrotator\app\schedule\rotate_by_file.js
2020-04-21 20:26:49,219 INFO 10260 [egg-schedule]: register schedule D:\Codes\DIYShop-BackEnd\node_modules\_egg-multipart@2.10.2@egg-multipart\app\schedule\clean_tmpdir.js
2020-04-21 20:26:49,219 INFO 10260 [egg-schedule]: register schedule D:\Codes\DIYShop-BackEnd\node_modules\_egg-logrotator@3.1.0@egg-logrotator\app\schedule\clean_log.js
2020-04-21 20:26:49,219 INFO 10260 [egg-schedule]: register schedule D:\Codes\DIYShop-BackEnd\node_modules\_egg-logrotator@3.1.0@egg-logrotator\app\schedule\rotate_by_file.js
2020-04-21 20:27:26,622 INFO 3756 [egg-schedule]: register schedule D:\Codes\DIYShop-BackEnd\node_modules\_egg-multipart@2.10.2@egg-multipart\app\schedule\clean_tmpdir.js
2020-04-21 20:27:26,622 INFO 3756 [egg-schedule]: register schedule D:\Codes\DIYShop-BackEnd\node_modules\_egg-logrotator@3.1.0@egg-logrotator\app\schedule\clean_log.js
2020-04-21 20:27:26,622 INFO 3756 [egg-schedule]: register schedule D:\Codes\DIYShop-BackEnd\node_modules\_egg-logrotator@3.1.0@egg-logrotator\app\schedule\rotate_by_file.js
2020-04-21 20:28:03,502 INFO 11324 [egg-schedule]: register schedule D:\Codes\DIYShop-BackEnd\node_modules\_egg-multipart@2.10.2@egg-multipart\app\schedule\clean_tmpdir.js
2020-04-21 20:28:03,502 INFO 11324 [egg-schedule]: register schedule D:\Codes\DIYShop-BackEnd\node_modules\_egg-logrotator@3.1.0@egg-logrotator\app\schedule\clean_log.js
2020-04-21 20:28:03,502 INFO 11324 [egg-schedule]: register schedule D:\Codes\DIYShop-BackEnd\node_modules\_egg-logrotator@3.1.0@egg-logrotator\app\schedule\rotate_by_file.js
2020-04-21 20:29:37,313 INFO 9648 [egg-schedule]: register schedule D:\Codes\DIYShop-BackEnd\node_modules\_egg-multipart@2.10.2@egg-multipart\app\schedule\clean_tmpdir.js
2020-04-21 20:29:37,313 INFO 9648 [egg-schedule]: register schedule D:\Codes\DIYShop-BackEnd\node_modules\_egg-logrotator@3.1.0@egg-logrotator\app\schedule\clean_log.js
2020-04-21 20:29:37,313 INFO 9648 [egg-schedule]: register schedule D:\Codes\DIYShop-BackEnd\node_modules\_egg-logrotator@3.1.0@egg-logrotator\app\schedule\rotate_by_file.js
2020-04-21 20:30:05,322 INFO 13212 [egg-schedule]: register schedule D:\Codes\DIYShop-BackEnd\node_modules\_egg-multipart@2.10.2@egg-multipart\app\schedule\clean_tmpdir.js
2020-04-21 20:30:05,322 INFO 13212 [egg-schedule]: register schedule D:\Codes\DIYShop-BackEnd\node_modules\_egg-logrotator@3.1.0@egg-logrotator\app\schedule\clean_log.js
2020-04-21 20:30:05,322 INFO 13212 [egg-schedule]: register schedule D:\Codes\DIYShop-BackEnd\node_modules\_egg-logrotator@3.1.0@egg-logrotator\app\schedule\rotate_by_file.js
2020-04-21 20:30:24,963 INFO 9136 [egg-schedule]: register schedule D:\Codes\DIYShop-BackEnd\node_modules\_egg-multipart@2.10.2@egg-multipart\app\schedule\clean_tmpdir.js
2020-04-21 20:30:24,963 INFO 9136 [egg-schedule]: register schedule D:\Codes\DIYShop-BackEnd\node_modules\_egg-logrotator@3.1.0@egg-logrotator\app\schedule\clean_log.js
2020-04-21 20:30:24,963 INFO 9136 [egg-schedule]: register schedule D:\Codes\DIYShop-BackEnd\node_modules\_egg-logrotator@3.1.0@egg-logrotator\app\schedule\rotate_by_file.js
2020-04-21 20:30:33,144 INFO 6512 [egg-schedule]: register schedule D:\Codes\DIYShop-BackEnd\node_modules\_egg-multipart@2.10.2@egg-multipart\app\schedule\clean_tmpdir.js
2020-04-21 20:30:33,144 INFO 6512 [egg-schedule]: register schedule D:\Codes\DIYShop-BackEnd\node_modules\_egg-logrotator@3.1.0@egg-logrotator\app\schedule\clean_log.js
2020-04-21 20:30:33,144 INFO 6512 [egg-schedule]: register schedule D:\Codes\DIYShop-BackEnd\node_modules\_egg-logrotator@3.1.0@egg-logrotator\app\schedule\rotate_by_file.js
2020-04-21 20:30:53,803 INFO 872 [egg-schedule]: register schedule D:\Codes\DIYShop-BackEnd\node_modules\_egg-multipart@2.10.2@egg-multipart\app\schedule\clean_tmpdir.js
2020-04-21 20:30:53,803 INFO 872 [egg-schedule]: register schedule D:\Codes\DIYShop-BackEnd\node_modules\_egg-logrotator@3.1.0@egg-logrotator\app\schedule\clean_log.js
2020-04-21 20:30:53,803 INFO 872 [egg-schedule]: register schedule D:\Codes\DIYShop-BackEnd\node_modules\_egg-logrotator@3.1.0@egg-logrotator\app\schedule\rotate_by_file.js
2020-04-21 21:05:11,328 INFO 9300 [egg-schedule]: register schedule D:\Codes\DIYShop-BackEnd\node_modules\_egg-multipart@2.10.2@egg-multipart\app\schedule\clean_tmpdir.js
2020-04-21 21:05:11,328 INFO 9300 [egg-schedule]: register schedule D:\Codes\DIYShop-BackEnd\node_modules\_egg-logrotator@3.1.0@egg-logrotator\app\schedule\clean_log.js
2020-04-21 21:05:11,328 INFO 9300 [egg-schedule]: register schedule D:\Codes\DIYShop-BackEnd\node_modules\_egg-logrotator@3.1.0@egg-logrotator\app\schedule\rotate_by_file.js
2020-04-21 21:05:12,764 INFO 9012 [egg-schedule]: register schedule D:\Codes\DIYShop-BackEnd\node_modules\_egg-multipart@2.10.2@egg-multipart\app\schedule\clean_tmpdir.js
2020-04-21 21:05:12,764 INFO 9012 [egg-schedule]: register schedule D:\Codes\DIYShop-BackEnd\node_modules\_egg-logrotator@3.1.0@egg-logrotator\app\schedule\clean_log.js
2020-04-21 21:05:12,764 INFO 9012 [egg-schedule]: register schedule D:\Codes\DIYShop-BackEnd\node_modules\_egg-logrotator@3.1.0@egg-logrotator\app\schedule\rotate_by_file.js
2020-04-21 21:06:07,453 INFO 8968 [egg-schedule]: register schedule D:\Codes\DIYShop-BackEnd\node_modules\_egg-multipart@2.10.2@egg-multipart\app\schedule\clean_tmpdir.js
2020-04-21 21:06:07,453 INFO 8968 [egg-schedule]: register schedule D:\Codes\DIYShop-BackEnd\node_modules\_egg-logrotator@3.1.0@egg-logrotator\app\schedule\clean_log.js
2020-04-21 21:06:07,453 INFO 8968 [egg-schedule]: register schedule D:\Codes\DIYShop-BackEnd\node_modules\_egg-logrotator@3.1.0@egg-logrotator\app\schedule\rotate_by_file.js
2020-04-22 08:29:00,171 INFO 12256 [egg-schedule]: register schedule D:\Codes\DIYShop-BackEnd\node_modules\_egg-multipart@2.10.2@egg-multipart\app\schedule\clean_tmpdir.js
2020-04-22 08:29:00,171 INFO 12256 [egg-schedule]: register schedule D:\Codes\DIYShop-BackEnd\node_modules\_egg-logrotator@3.1.0@egg-logrotator\app\schedule\clean_log.js
2020-04-22 08:29:00,171 INFO 12256 [egg-schedule]: register schedule D:\Codes\DIYShop-BackEnd\node_modules\_egg-logrotator@3.1.0@egg-logrotator\app\schedule\rotate_by_file.js
2020-04-22 08:30:09,737 INFO 6624 [egg-schedule]: register schedule D:\Codes\DIYShop-BackEnd\node_modules\_egg-multipart@2.10.2@egg-multipart\app\schedule\clean_tmpdir.js
2020-04-22 08:30:09,737 INFO 6624 [egg-schedule]: register schedule D:\Codes\DIYShop-BackEnd\node_modules\_egg-logrotator@3.1.0@egg-logrotator\app\schedule\clean_log.js
2020-04-22 08:30:09,737 INFO 6624 [egg-schedule]: register schedule D:\Codes\DIYShop-BackEnd\node_modules\_egg-logrotator@3.1.0@egg-logrotator\app\schedule\rotate_by_file.js
2020-04-22 08:30:10,207 INFO 6664 [Timer] D:\Codes\DIYShop-BackEnd\node_modules\_egg-multipart@2.10.2@egg-multipart\app\schedule\clean_tmpdir.js next time will execute after 71989796ms at 2020-04-23 04:30:00.003
2020-04-22 08:30:10,208 INFO 6664 [Timer] D:\Codes\DIYShop-BackEnd\node_modules\_egg-logrotator@3.1.0@egg-logrotator\app\schedule\clean_log.js next time will execute after 55789792ms at 2020-04-23 00:00:00.000
2020-04-22 08:30:10,208 INFO 6664 [Timer] D:\Codes\DIYShop-BackEnd\node_modules\_egg-logrotator@3.1.0@egg-logrotator\app\schedule\rotate_by_file.js next time will execute after 55790792ms at 2020-04-23 00:00:01.000
2020-04-22 08:30:49,972 INFO 9152 [egg-schedule]: register schedule D:\Codes\DIYShop-BackEnd\node_modules\_egg-multipart@2.10.2@egg-multipart\app\schedule\clean_tmpdir.js
2020-04-22 08:30:49,972 INFO 9152 [egg-schedule]: register schedule D:\Codes\DIYShop-BackEnd\node_modules\_egg-logrotator@3.1.0@egg-logrotator\app\schedule\clean_log.js
2020-04-22 08:30:49,972 INFO 9152 [egg-schedule]: register schedule D:\Codes\DIYShop-BackEnd\node_modules\_egg-logrotator@3.1.0@egg-logrotator\app\schedule\rotate_by_file.js
2020-04-22 08:30:51,448 INFO 4224 [egg-schedule]: register schedule D:\Codes\DIYShop-BackEnd\node_modules\_egg-multipart@2.10.2@egg-multipart\app\schedule\clean_tmpdir.js
2020-04-22 08:30:51,448 INFO 4224 [egg-schedule]: register schedule D:\Codes\DIYShop-BackEnd\node_modules\_egg-logrotator@3.1.0@egg-logrotator\app\schedule\clean_log.js
2020-04-22 08:30:51,449 INFO 4224 [egg-schedule]: register schedule D:\Codes\DIYShop-BackEnd\node_modules\_egg-logrotator@3.1.0@egg-logrotator\app\schedule\rotate_by_file.js
2020-04-22 08:31:04,797 INFO 3868 [egg-schedule]: register schedule D:\Codes\DIYShop-BackEnd\node_modules\_egg-multipart@2.10.2@egg-multipart\app\schedule\clean_tmpdir.js
2020-04-22 08:31:04,797 INFO 3868 [egg-schedule]: register schedule D:\Codes\DIYShop-BackEnd\node_modules\_egg-logrotator@3.1.0@egg-logrotator\app\schedule\clean_log.js
2020-04-22 08:31:04,797 INFO 3868 [egg-schedule]: register schedule D:\Codes\DIYShop-BackEnd\node_modules\_egg-logrotator@3.1.0@egg-logrotator\app\schedule\rotate_by_file.js
2020-04-22 08:31:06,587 INFO 748 [egg-schedule]: register schedule D:\Codes\DIYShop-BackEnd\node_modules\_egg-multipart@2.10.2@egg-multipart\app\schedule\clean_tmpdir.js
2020-04-22 08:31:06,587 INFO 748 [egg-schedule]: register schedule D:\Codes\DIYShop-BackEnd\node_modules\_egg-logrotator@3.1.0@egg-logrotator\app\schedule\clean_log.js
2020-04-22 08:31:06,587 INFO 748 [egg-schedule]: register schedule D:\Codes\DIYShop-BackEnd\node_modules\_egg-logrotator@3.1.0@egg-logrotator\app\schedule\rotate_by_file.js
2020-04-22 08:32:13,316 INFO 6700 [egg-schedule]: register schedule D:\Codes\DIYShop-BackEnd\node_modules\_egg-multipart@2.10.2@egg-multipart\app\schedule\clean_tmpdir.js
2020-04-22 08:32:13,316 INFO 6700 [egg-schedule]: register schedule D:\Codes\DIYShop-BackEnd\node_modules\_egg-logrotator@3.1.0@egg-logrotator\app\schedule\clean_log.js
2020-04-22 08:32:13,316 INFO 6700 [egg-schedule]: register schedule D:\Codes\DIYShop-BackEnd\node_modules\_egg-logrotator@3.1.0@egg-logrotator\app\schedule\rotate_by_file.js
2020-04-22 08:34:48,244 INFO 6232 [egg-schedule]: register schedule D:\Codes\DIYShop-BackEnd\node_modules\_egg-multipart@2.10.2@egg-multipart\app\schedule\clean_tmpdir.js
2020-04-22 08:34:48,244 INFO 6232 [egg-schedule]: register schedule D:\Codes\DIYShop-BackEnd\node_modules\_egg-logrotator@3.1.0@egg-logrotator\app\schedule\clean_log.js
2020-04-22 08:34:48,244 INFO 6232 [egg-schedule]: register schedule D:\Codes\DIYShop-BackEnd\node_modules\_egg-logrotator@3.1.0@egg-logrotator\app\schedule\rotate_by_file.js
2020-04-22 08:35:04,408 INFO 9424 [egg-schedule]: register schedule D:\Codes\DIYShop-BackEnd\node_modules\_egg-multipart@2.10.2@egg-multipart\app\schedule\clean_tmpdir.js
2020-04-22 08:35:04,408 INFO 9424 [egg-schedule]: register schedule D:\Codes\DIYShop-BackEnd\node_modules\_egg-logrotator@3.1.0@egg-logrotator\app\schedule\clean_log.js
2020-04-22 08:35:04,408 INFO 9424 [egg-schedule]: register schedule D:\Codes\DIYShop-BackEnd\node_modules\_egg-logrotator@3.1.0@egg-logrotator\app\schedule\rotate_by_file.js
2020-04-22 08:36:38,624 INFO 10972 [egg-schedule]: register schedule D:\Codes\DIYShop-BackEnd\node_modules\_egg-multipart@2.10.2@egg-multipart\app\schedule\clean_tmpdir.js
2020-04-22 08:36:38,624 INFO 10972 [egg-schedule]: register schedule D:\Codes\DIYShop-BackEnd\node_modules\_egg-logrotator@3.1.0@egg-logrotator\app\schedule\clean_log.js
2020-04-22 08:36:38,624 INFO 10972 [egg-schedule]: register schedule D:\Codes\DIYShop-BackEnd\node_modules\_egg-logrotator@3.1.0@egg-logrotator\app\schedule\rotate_by_file.js
2020-04-22 08:38:35,374 INFO 11000 [egg-schedule]: register schedule D:\Codes\DIYShop-BackEnd\node_modules\_egg-multipart@2.10.2@egg-multipart\app\schedule\clean_tmpdir.js
2020-04-22 08:38:35,374 INFO 11000 [egg-schedule]: register schedule D:\Codes\DIYShop-BackEnd\node_modules\_egg-logrotator@3.1.0@egg-logrotator\app\schedule\clean_log.js
2020-04-22 08:38:35,374 INFO 11000 [egg-schedule]: register schedule D:\Codes\DIYShop-BackEnd\node_modules\_egg-logrotator@3.1.0@egg-logrotator\app\schedule\rotate_by_file.js
2020-04-22 08:38:58,889 INFO 4048 [egg-schedule]: register schedule D:\Codes\DIYShop-BackEnd\node_modules\_egg-multipart@2.10.2@egg-multipart\app\schedule\clean_tmpdir.js
2020-04-22 08:38:58,889 INFO 4048 [egg-schedule]: register schedule D:\Codes\DIYShop-BackEnd\node_modules\_egg-logrotator@3.1.0@egg-logrotator\app\schedule\clean_log.js
2020-04-22 08:38:58,889 INFO 4048 [egg-schedule]: register schedule D:\Codes\DIYShop-BackEnd\node_modules\_egg-logrotator@3.1.0@egg-logrotator\app\schedule\rotate_by_file.js
2020-04-22 08:39:00,294 INFO 10688 [egg-schedule]: register schedule D:\Codes\DIYShop-BackEnd\node_modules\_egg-multipart@2.10.2@egg-multipart\app\schedule\clean_tmpdir.js
2020-04-22 08:39:00,294 INFO 10688 [egg-schedule]: register schedule D:\Codes\DIYShop-BackEnd\node_modules\_egg-logrotator@3.1.0@egg-logrotator\app\schedule\clean_log.js
2020-04-22 08:39:00,294 INFO 10688 [egg-schedule]: register schedule D:\Codes\DIYShop-BackEnd\node_modules\_egg-logrotator@3.1.0@egg-logrotator\app\schedule\rotate_by_file.js
2020-04-22 08:39:46,943 INFO 3508 [egg-schedule]: register schedule D:\Codes\DIYShop-BackEnd\node_modules\_egg-multipart@2.10.2@egg-multipart\app\schedule\clean_tmpdir.js
2020-04-22 08:39:46,943 INFO 3508 [egg-schedule]: register schedule D:\Codes\DIYShop-BackEnd\node_modules\_egg-logrotator@3.1.0@egg-logrotator\app\schedule\clean_log.js
2020-04-22 08:39:46,943 INFO 3508 [egg-schedule]: register schedule D:\Codes\DIYShop-BackEnd\node_modules\_egg-logrotator@3.1.0@egg-logrotator\app\schedule\rotate_by_file.js
2020-04-22 08:40:26,011 INFO 10920 [egg-schedule]: register schedule D:\Codes\DIYShop-BackEnd\node_modules\_egg-multipart@2.10.2@egg-multipart\app\schedule\clean_tmpdir.js
2020-04-22 08:40:26,011 INFO 10920 [egg-schedule]: register schedule D:\Codes\DIYShop-BackEnd\node_modules\_egg-logrotator@3.1.0@egg-logrotator\app\schedule\clean_log.js
2020-04-22 08:40:26,011 INFO 10920 [egg-schedule]: register schedule D:\Codes\DIYShop-BackEnd\node_modules\_egg-logrotator@3.1.0@egg-logrotator\app\schedule\rotate_by_file.js
2020-04-22 08:40:27,899 INFO 12756 [egg-schedule]: register schedule D:\Codes\DIYShop-BackEnd\node_modules\_egg-multipart@2.10.2@egg-multipart\app\schedule\clean_tmpdir.js
2020-04-22 08:40:27,900 INFO 12756 [egg-schedule]: register schedule D:\Codes\DIYShop-BackEnd\node_modules\_egg-logrotator@3.1.0@egg-logrotator\app\schedule\clean_log.js
2020-04-22 08:40:27,900 INFO 12756 [egg-schedule]: register schedule D:\Codes\DIYShop-BackEnd\node_modules\_egg-logrotator@3.1.0@egg-logrotator\app\schedule\rotate_by_file.js
2020-04-22 08:40:48,666 INFO 1036 [egg-schedule]: register schedule D:\Codes\DIYShop-BackEnd\node_modules\_egg-multipart@2.10.2@egg-multipart\app\schedule\clean_tmpdir.js
2020-04-22 08:40:48,666 INFO 1036 [egg-schedule]: register schedule D:\Codes\DIYShop-BackEnd\node_modules\_egg-logrotator@3.1.0@egg-logrotator\app\schedule\clean_log.js
2020-04-22 08:40:48,666 INFO 1036 [egg-schedule]: register schedule D:\Codes\DIYShop-BackEnd\node_modules\_egg-logrotator@3.1.0@egg-logrotator\app\schedule\rotate_by_file.js
2020-04-22 08:41:43,648 INFO 9404 [egg-schedule]: register schedule D:\Codes\DIYShop-BackEnd\node_modules\_egg-multipart@2.10.2@egg-multipart\app\schedule\clean_tmpdir.js
2020-04-22 08:41:43,648 INFO 9404 [egg-schedule]: register schedule D:\Codes\DIYShop-BackEnd\node_modules\_egg-logrotator@3.1.0@egg-logrotator\app\schedule\clean_log.js
2020-04-22 08:41:43,648 INFO 9404 [egg-schedule]: register schedule D:\Codes\DIYShop-BackEnd\node_modules\_egg-logrotator@3.1.0@egg-logrotator\app\schedule\rotate_by_file.js
2020-04-22 08:42:40,302 INFO 7024 [egg-schedule]: register schedule D:\Codes\DIYShop-BackEnd\node_modules\_egg-multipart@2.10.2@egg-multipart\app\schedule\clean_tmpdir.js
2020-04-22 08:42:40,302 INFO 7024 [egg-schedule]: register schedule D:\Codes\DIYShop-BackEnd\node_modules\_egg-logrotator@3.1.0@egg-logrotator\app\schedule\clean_log.js
2020-04-22 08:42:40,302 INFO 7024 [egg-schedule]: register schedule D:\Codes\DIYShop-BackEnd\node_modules\_egg-logrotator@3.1.0@egg-logrotator\app\schedule\rotate_by_file.js
2020-04-22 08:42:51,071 INFO 9880 [egg-schedule]: register schedule D:\Codes\DIYShop-BackEnd\node_modules\_egg-multipart@2.10.2@egg-multipart\app\schedule\clean_tmpdir.js
2020-04-22 08:42:51,071 INFO 9880 [egg-schedule]: register schedule D:\Codes\DIYShop-BackEnd\node_modules\_egg-logrotator@3.1.0@egg-logrotator\app\schedule\clean_log.js
2020-04-22 08:42:51,071 INFO 9880 [egg-schedule]: register schedule D:\Codes\DIYShop-BackEnd\node_modules\_egg-logrotator@3.1.0@egg-logrotator\app\schedule\rotate_by_file.js
2020-04-22 08:42:52,572 INFO 6132 [egg-schedule]: register schedule D:\Codes\DIYShop-BackEnd\node_modules\_egg-multipart@2.10.2@egg-multipart\app\schedule\clean_tmpdir.js
2020-04-22 08:42:52,572 INFO 6132 [egg-schedule]: register schedule D:\Codes\DIYShop-BackEnd\node_modules\_egg-logrotator@3.1.0@egg-logrotator\app\schedule\clean_log.js
2020-04-22 08:42:52,572 INFO 6132 [egg-schedule]: register schedule D:\Codes\DIYShop-BackEnd\node_modules\_egg-logrotator@3.1.0@egg-logrotator\app\schedule\rotate_by_file.js
2020-04-22 08:43:46,085 INFO 7852 [egg-schedule]: register schedule D:\Codes\DIYShop-BackEnd\node_modules\_egg-multipart@2.10.2@egg-multipart\app\schedule\clean_tmpdir.js
2020-04-22 08:43:46,085 INFO 7852 [egg-schedule]: register schedule D:\Codes\DIYShop-BackEnd\node_modules\_egg-logrotator@3.1.0@egg-logrotator\app\schedule\clean_log.js
2020-04-22 08:43:46,085 INFO 7852 [egg-schedule]: register schedule D:\Codes\DIYShop-BackEnd\node_modules\_egg-logrotator@3.1.0@egg-logrotator\app\schedule\rotate_by_file.js
2020-04-22 08:43:52,455 INFO 4236 [egg-schedule]: register schedule D:\Codes\DIYShop-BackEnd\node_modules\_egg-multipart@2.10.2@egg-multipart\app\schedule\clean_tmpdir.js
2020-04-22 08:43:52,455 INFO 4236 [egg-schedule]: register schedule D:\Codes\DIYShop-BackEnd\node_modules\_egg-logrotator@3.1.0@egg-logrotator\app\schedule\clean_log.js
2020-04-22 08:43:52,455 INFO 4236 [egg-schedule]: register schedule D:\Codes\DIYShop-BackEnd\node_modules\_egg-logrotator@3.1.0@egg-logrotator\app\schedule\rotate_by_file.js
2020-04-22 08:43:54,331 INFO 13160 [egg-schedule]: register schedule D:\Codes\DIYShop-BackEnd\node_modules\_egg-multipart@2.10.2@egg-multipart\app\schedule\clean_tmpdir.js
2020-04-22 08:43:54,331 INFO 13160 [egg-schedule]: register schedule D:\Codes\DIYShop-BackEnd\node_modules\_egg-logrotator@3.1.0@egg-logrotator\app\schedule\clean_log.js
2020-04-22 08:43:54,331 INFO 13160 [egg-schedule]: register schedule D:\Codes\DIYShop-BackEnd\node_modules\_egg-logrotator@3.1.0@egg-logrotator\app\schedule\rotate_by_file.js
2020-04-22 08:44:41,124 INFO 3508 [egg-schedule]: register schedule D:\Codes\DIYShop-BackEnd\node_modules\_egg-multipart@2.10.2@egg-multipart\app\schedule\clean_tmpdir.js
2020-04-22 08:44:41,124 INFO 3508 [egg-schedule]: register schedule D:\Codes\DIYShop-BackEnd\node_modules\_egg-logrotator@3.1.0@egg-logrotator\app\schedule\clean_log.js
2020-04-22 08:44:41,124 INFO 3508 [egg-schedule]: register schedule D:\Codes\DIYShop-BackEnd\node_modules\_egg-logrotator@3.1.0@egg-logrotator\app\schedule\rotate_by_file.js
2020-04-22 08:45:13,856 INFO 12412 [egg-schedule]: register schedule D:\Codes\DIYShop-BackEnd\node_modules\_egg-multipart@2.10.2@egg-multipart\app\schedule\clean_tmpdir.js
2020-04-22 08:45:13,856 INFO 12412 [egg-schedule]: register schedule D:\Codes\DIYShop-BackEnd\node_modules\_egg-logrotator@3.1.0@egg-logrotator\app\schedule\clean_log.js
2020-04-22 08:45:13,856 INFO 12412 [egg-schedule]: register schedule D:\Codes\DIYShop-BackEnd\node_modules\_egg-logrotator@3.1.0@egg-logrotator\app\schedule\rotate_by_file.js
2020-04-22 08:45:38,148 INFO 13296 [egg-schedule]: register schedule D:\Codes\DIYShop-BackEnd\node_modules\_egg-multipart@2.10.2@egg-multipart\app\schedule\clean_tmpdir.js
2020-04-22 08:45:38,148 INFO 13296 [egg-schedule]: register schedule D:\Codes\DIYShop-BackEnd\node_modules\_egg-logrotator@3.1.0@egg-logrotator\app\schedule\clean_log.js
2020-04-22 08:45:38,148 INFO 13296 [egg-schedule]: register schedule D:\Codes\DIYShop-BackEnd\node_modules\_egg-logrotator@3.1.0@egg-logrotator\app\schedule\rotate_by_file.js
2020-04-22 08:45:39,549 INFO 8792 [egg-schedule]: register schedule D:\Codes\DIYShop-BackEnd\node_modules\_egg-multipart@2.10.2@egg-multipart\app\schedule\clean_tmpdir.js
2020-04-22 08:45:39,549 INFO 8792 [egg-schedule]: register schedule D:\Codes\DIYShop-BackEnd\node_modules\_egg-logrotator@3.1.0@egg-logrotator\app\schedule\clean_log.js
2020-04-22 08:45:39,549 INFO 8792 [egg-schedule]: register schedule D:\Codes\DIYShop-BackEnd\node_modules\_egg-logrotator@3.1.0@egg-logrotator\app\schedule\rotate_by_file.js
2020-04-22 08:46:05,459 INFO 7392 [egg-schedule]: register schedule D:\Codes\DIYShop-BackEnd\node_modules\_egg-multipart@2.10.2@egg-multipart\app\schedule\clean_tmpdir.js
2020-04-22 08:46:05,459 INFO 7392 [egg-schedule]: register schedule D:\Codes\DIYShop-BackEnd\node_modules\_egg-logrotator@3.1.0@egg-logrotator\app\schedule\clean_log.js
2020-04-22 08:46:05,459 INFO 7392 [egg-schedule]: register schedule D:\Codes\DIYShop-BackEnd\node_modules\_egg-logrotator@3.1.0@egg-logrotator\app\schedule\rotate_by_file.js
2020-04-22 08:48:07,445 INFO 3740 [egg-schedule]: register schedule D:\Codes\DIYShop-BackEnd\node_modules\_egg-multipart@2.10.2@egg-multipart\app\schedule\clean_tmpdir.js
2020-04-22 08:48:07,445 INFO 3740 [egg-schedule]: register schedule D:\Codes\DIYShop-BackEnd\node_modules\_egg-logrotator@3.1.0@egg-logrotator\app\schedule\clean_log.js
2020-04-22 08:48:07,445 INFO 3740 [egg-schedule]: register schedule D:\Codes\DIYShop-BackEnd\node_modules\_egg-logrotator@3.1.0@egg-logrotator\app\schedule\rotate_by_file.js
2020-04-22 08:48:07,867 INFO 12792 [Timer] D:\Codes\DIYShop-BackEnd\node_modules\_egg-multipart@2.10.2@egg-multipart\app\schedule\clean_tmpdir.js next time will execute after 70912135ms at 2020-04-23 04:30:00.002
2020-04-22 08:48:07,867 INFO 12792 [Timer] D:\Codes\DIYShop-BackEnd\node_modules\_egg-logrotator@3.1.0@egg-logrotator\app\schedule\clean_log.js next time will execute after 54712133ms at 2020-04-23 00:00:00.000
2020-04-22 08:48:07,868 INFO 12792 [Timer] D:\Codes\DIYShop-BackEnd\node_modules\_egg-logrotator@3.1.0@egg-logrotator\app\schedule\rotate_by_file.js next time will execute after 54713133ms at 2020-04-23 00:00:01.001
2020-04-22 15:11:15,128 INFO 11424 [egg-schedule]: register schedule D:\Codes\DIYShop-BackEnd\node_modules\_egg-multipart@2.10.2@egg-multipart\app\schedule\clean_tmpdir.js
2020-04-22 15:11:15,128 INFO 11424 [egg-schedule]: register schedule D:\Codes\DIYShop-BackEnd\node_modules\_egg-logrotator@3.1.0@egg-logrotator\app\schedule\clean_log.js
2020-04-22 15:11:15,128 INFO 11424 [egg-schedule]: register schedule D:\Codes\DIYShop-BackEnd\node_modules\_egg-logrotator@3.1.0@egg-logrotator\app\schedule\rotate_by_file.js
2020-04-22 15:11:18,307 INFO 7400 [Timer] D:\Codes\DIYShop-BackEnd\node_modules\_egg-multipart@2.10.2@egg-multipart\app\schedule\clean_tmpdir.js next time will execute after 47921696ms at 2020-04-23 04:30:00.003
2020-04-22 15:11:18,307 INFO 7400 [Timer] D:\Codes\DIYShop-BackEnd\node_modules\_egg-logrotator@3.1.0@egg-logrotator\app\schedule\clean_log.js next time will execute after 31721693ms at 2020-04-23 00:00:00.000
2020-04-22 15:11:18,307 INFO 7400 [Timer] D:\Codes\DIYShop-BackEnd\node_modules\_egg-logrotator@3.1.0@egg-logrotator\app\schedule\rotate_by_file.js next time will execute after 31722693ms at 2020-04-23 00:00:01.000
2020-04-22 15:11:19,033 INFO 5928 [egg-schedule]: register schedule D:\Codes\DIYShop-BackEnd\node_modules\_egg-multipart@2.10.2@egg-multipart\app\schedule\clean_tmpdir.js
2020-04-22 15:11:19,033 INFO 5928 [egg-schedule]: register schedule D:\Codes\DIYShop-BackEnd\node_modules\_egg-logrotator@3.1.0@egg-logrotator\app\schedule\clean_log.js
2020-04-22 15:11:19,033 INFO 5928 [egg-schedule]: register schedule D:\Codes\DIYShop-BackEnd\node_modules\_egg-logrotator@3.1.0@egg-logrotator\app\schedule\rotate_by_file.js
2020-04-22 15:11:20,430 INFO 10148 [egg-schedule]: register schedule D:\Codes\DIYShop-BackEnd\node_modules\_egg-multipart@2.10.2@egg-multipart\app\schedule\clean_tmpdir.js
2020-04-22 15:11:20,430 INFO 10148 [egg-schedule]: register schedule D:\Codes\DIYShop-BackEnd\node_modules\_egg-logrotator@3.1.0@egg-logrotator\app\schedule\clean_log.js
2020-04-22 15:11:20,430 INFO 10148 [egg-schedule]: register schedule D:\Codes\DIYShop-BackEnd\node_modules\_egg-logrotator@3.1.0@egg-logrotator\app\schedule\rotate_by_file.js
